2011-04-21 17:42:01,941 INFO org.apache.hadoop.hdfs.server.namenode.SecondaryNameNode: STARTUP_MSG: 
/************************************************************
STARTUP_MSG: Starting SecondaryNameNode
STARTUP_MSG:   host = hadoop-VirtualBox/10.0.2.15
STARTUP_MSG:   args = []
STARTUP_MSG:   version = 0.20.2
STARTUP_MSG:   build = https://svn.apache.org/repos/asf/hadoop/common/branches/branch-0.20 -r 911707; compiled by 'chrisdo' on Fri Feb 19 08:07:34 UTC 2010
************************************************************/
2011-04-21 17:42:02,583 INFO org.apache.hadoop.metrics.jvm.JvmMetrics: Initializing JVM Metrics with processName=SecondaryNameNode, sessionId=null
2011-04-21 17:42:10,503 INFO org.mortbay.log: Logging to org.slf4j.impl.Log4jLoggerAdapter(org.mortbay.log) via org.mortbay.log.Slf4jLog
2011-04-21 17:42:11,216 INFO org.apache.hadoop.http.HttpServer: Port returned by webServer.getConnectors()[0].getLocalPort() before open() is -1. Opening the listener on 50090
2011-04-21 17:42:11,241 INFO org.apache.hadoop.http.HttpServer: listener.getLocalPort() returned 50090 webServer.getConnectors()[0].getLocalPort() returned 50090
2011-04-21 17:42:11,242 INFO org.apache.hadoop.http.HttpServer: Jetty bound to port 50090
2011-04-21 17:42:11,242 INFO org.mortbay.log: jetty-6.1.14
2011-04-21 17:42:54,891 INFO org.mortbay.log: Started SelectChannelConnector@0.0.0.0:50090
2011-04-21 17:42:54,891 INFO org.apache.hadoop.hdfs.server.namenode.SecondaryNameNode: Secondary Web-server up at: 0.0.0.0:50090
2011-04-21 17:42:54,891 WARN org.apache.hadoop.hdfs.server.namenode.SecondaryNameNode: Checkpoint Period   :3600 secs (60 min)
2011-04-21 17:42:54,892 WARN org.apache.hadoop.hdfs.server.namenode.SecondaryNameNode: Log Size Trigger    :67108864 bytes (65536 KB)
2011-04-21 17:47:44,227 INFO org.apache.hadoop.hdfs.server.namenode.SecondaryNameNode: SHUTDOWN_MSG: 
/************************************************************
SHUTDOWN_MSG: Shutting down SecondaryNameNode at hadoop-VirtualBox/10.0.2.15
************************************************************/
2011-04-21 18:12:34,904 INFO org.apache.hadoop.hdfs.server.namenode.SecondaryNameNode: STARTUP_MSG: 
/************************************************************
STARTUP_MSG: Starting SecondaryNameNode
STARTUP_MSG:   host = hadoop-VirtualBox/10.0.2.15
STARTUP_MSG:   args = []
STARTUP_MSG:   version = 0.20.2
STARTUP_MSG:   build = https://svn.apache.org/repos/asf/hadoop/common/branches/branch-0.20 -r 911707; compiled by 'chrisdo' on Fri Feb 19 08:07:34 UTC 2010
************************************************************/
2011-04-21 18:12:35,918 INFO org.apache.hadoop.metrics.jvm.JvmMetrics: Initializing JVM Metrics with processName=SecondaryNameNode, sessionId=null
2011-04-21 18:12:45,110 INFO org.mortbay.log: Logging to org.slf4j.impl.Log4jLoggerAdapter(org.mortbay.log) via org.mortbay.log.Slf4jLog
2011-04-21 18:12:45,786 INFO org.apache.hadoop.http.HttpServer: Port returned by webServer.getConnectors()[0].getLocalPort() before open() is -1. Opening the listener on 50090
2011-04-21 18:12:45,835 INFO org.apache.hadoop.http.HttpServer: listener.getLocalPort() returned 50090 webServer.getConnectors()[0].getLocalPort() returned 50090
2011-04-21 18:12:45,848 INFO org.apache.hadoop.http.HttpServer: Jetty bound to port 50090
2011-04-21 18:12:45,848 INFO org.mortbay.log: jetty-6.1.14
2011-04-21 18:12:48,609 INFO org.mortbay.log: Started SelectChannelConnector@0.0.0.0:50090
2011-04-21 18:12:48,609 INFO org.apache.hadoop.hdfs.server.namenode.SecondaryNameNode: Secondary Web-server up at: 0.0.0.0:50090
2011-04-21 18:12:48,610 WARN org.apache.hadoop.hdfs.server.namenode.SecondaryNameNode: Checkpoint Period   :3600 secs (60 min)
2011-04-21 18:12:48,610 WARN org.apache.hadoop.hdfs.server.namenode.SecondaryNameNode: Log Size Trigger    :67108864 bytes (65536 KB)
2011-04-21 18:16:20,713 INFO org.apache.hadoop.hdfs.server.namenode.SecondaryNameNode: SHUTDOWN_MSG: 
/************************************************************
SHUTDOWN_MSG: Shutting down SecondaryNameNode at hadoop-VirtualBox/10.0.2.15
************************************************************/
