2011-04-21 17:42:07,530 INFO org.apache.hadoop.mapred.JobTracker: STARTUP_MSG: 
/************************************************************
STARTUP_MSG: Starting JobTracker
STARTUP_MSG:   host = hadoop-VirtualBox/10.0.2.15
STARTUP_MSG:   args = []
STARTUP_MSG:   version = 0.20.2
STARTUP_MSG:   build = https://svn.apache.org/repos/asf/hadoop/common/branches/branch-0.20 -r 911707; compiled by 'chrisdo' on Fri Feb 19 08:07:34 UTC 2010
************************************************************/
2011-04-21 17:42:08,033 INFO org.apache.hadoop.mapred.JobTracker: Scheduler configured with (memSizeForMapSlotOnJT, memSizeForReduceSlotOnJT, limitMaxMemForMapTasks, limitMaxMemForReduceTasks) (-1, -1, -1, -1)
2011-04-21 17:42:08,331 INFO org.apache.hadoop.ipc.metrics.RpcMetrics: Initializing RPC Metrics with hostName=JobTracker, port=54311
2011-04-21 17:42:13,501 INFO org.mortbay.log: Logging to org.slf4j.impl.Log4jLoggerAdapter(org.mortbay.log) via org.mortbay.log.Slf4jLog
2011-04-21 17:42:13,862 INFO org.apache.hadoop.http.HttpServer: Port returned by webServer.getConnectors()[0].getLocalPort() before open() is -1. Opening the listener on 50030
2011-04-21 17:42:13,866 INFO org.apache.hadoop.http.HttpServer: listener.getLocalPort() returned 50030 webServer.getConnectors()[0].getLocalPort() returned 50030
2011-04-21 17:42:13,866 INFO org.apache.hadoop.http.HttpServer: Jetty bound to port 50030
2011-04-21 17:42:13,868 INFO org.mortbay.log: jetty-6.1.14
2011-04-21 17:43:08,310 INFO org.mortbay.log: Started SelectChannelConnector@0.0.0.0:50030
2011-04-21 17:43:08,324 INFO org.apache.hadoop.metrics.jvm.JvmMetrics: Initializing JVM Metrics with processName=JobTracker, sessionId=
2011-04-21 17:43:08,327 INFO org.apache.hadoop.mapred.JobTracker: JobTracker up at: 54311
2011-04-21 17:43:08,327 INFO org.apache.hadoop.mapred.JobTracker: JobTracker webserver: 50030
2011-04-21 17:43:09,088 INFO org.apache.hadoop.mapred.JobTracker: Cleaning up the system directory
2011-04-21 17:43:09,380 INFO org.apache.hadoop.mapred.CompletedJobStatusStore: Completed job store is inactive
2011-04-21 17:43:10,195 INFO org.apache.hadoop.ipc.Server: IPC Server Responder: starting
2011-04-21 17:43:10,201 INFO org.apache.hadoop.ipc.Server: IPC Server listener on 54311: starting
2011-04-21 17:43:10,210 INFO org.apache.hadoop.ipc.Server: IPC Server handler 0 on 54311: starting
2011-04-21 17:43:10,212 INFO org.apache.hadoop.ipc.Server: IPC Server handler 1 on 54311: starting
2011-04-21 17:43:10,227 INFO org.apache.hadoop.ipc.Server: IPC Server handler 2 on 54311: starting
2011-04-21 17:43:10,229 INFO org.apache.hadoop.ipc.Server: IPC Server handler 3 on 54311: starting
2011-04-21 17:43:10,234 INFO org.apache.hadoop.ipc.Server: IPC Server handler 4 on 54311: starting
2011-04-21 17:43:10,237 INFO org.apache.hadoop.ipc.Server: IPC Server handler 5 on 54311: starting
2011-04-21 17:43:10,240 INFO org.apache.hadoop.ipc.Server: IPC Server handler 6 on 54311: starting
2011-04-21 17:43:10,243 INFO org.apache.hadoop.ipc.Server: IPC Server handler 7 on 54311: starting
2011-04-21 17:43:10,246 INFO org.apache.hadoop.ipc.Server: IPC Server handler 8 on 54311: starting
2011-04-21 17:43:10,247 INFO org.apache.hadoop.mapred.JobTracker: Starting RUNNING
2011-04-21 17:43:10,260 INFO org.apache.hadoop.ipc.Server: IPC Server handler 9 on 54311: starting
2011-04-21 17:43:10,999 INFO org.apache.hadoop.net.NetworkTopology: Adding a new node: /default-rack/hadoop-VirtualBox
2011-04-21 17:47:44,216 INFO org.apache.hadoop.mapred.JobTracker: SHUTDOWN_MSG: 
/************************************************************
SHUTDOWN_MSG: Shutting down JobTracker at hadoop-VirtualBox/10.0.2.15
************************************************************/
2011-04-21 18:12:41,715 INFO org.apache.hadoop.mapred.JobTracker: STARTUP_MSG: 
/************************************************************
STARTUP_MSG: Starting JobTracker
STARTUP_MSG:   host = hadoop-VirtualBox/10.0.2.15
STARTUP_MSG:   args = []
STARTUP_MSG:   version = 0.20.2
STARTUP_MSG:   build = https://svn.apache.org/repos/asf/hadoop/common/branches/branch-0.20 -r 911707; compiled by 'chrisdo' on Fri Feb 19 08:07:34 UTC 2010
************************************************************/
2011-04-21 18:12:42,227 INFO org.apache.hadoop.mapred.JobTracker: Scheduler configured with (memSizeForMapSlotOnJT, memSizeForReduceSlotOnJT, limitMaxMemForMapTasks, limitMaxMemForReduceTasks) (-1, -1, -1, -1)
2011-04-21 18:12:42,520 INFO org.apache.hadoop.ipc.metrics.RpcMetrics: Initializing RPC Metrics with hostName=JobTracker, port=54311
2011-04-21 18:12:48,382 INFO org.mortbay.log: Logging to org.slf4j.impl.Log4jLoggerAdapter(org.mortbay.log) via org.mortbay.log.Slf4jLog
2011-04-21 18:12:50,179 INFO org.apache.hadoop.http.HttpServer: Port returned by webServer.getConnectors()[0].getLocalPort() before open() is -1. Opening the listener on 50030
2011-04-21 18:12:50,207 INFO org.apache.hadoop.http.HttpServer: listener.getLocalPort() returned 50030 webServer.getConnectors()[0].getLocalPort() returned 50030
2011-04-21 18:12:50,207 INFO org.apache.hadoop.http.HttpServer: Jetty bound to port 50030
2011-04-21 18:12:50,207 INFO org.mortbay.log: jetty-6.1.14
2011-04-21 18:12:52,803 INFO org.mortbay.log: Started SelectChannelConnector@0.0.0.0:50030
2011-04-21 18:12:52,806 INFO org.apache.hadoop.metrics.jvm.JvmMetrics: Initializing JVM Metrics with processName=JobTracker, sessionId=
2011-04-21 18:12:52,809 INFO org.apache.hadoop.mapred.JobTracker: JobTracker up at: 54311
2011-04-21 18:12:52,810 INFO org.apache.hadoop.mapred.JobTracker: JobTracker webserver: 50030
2011-04-21 18:12:53,241 INFO org.apache.hadoop.mapred.JobTracker: Cleaning up the system directory
2011-04-21 18:12:53,273 INFO org.apache.hadoop.mapred.JobTracker: problem cleaning system directory: hdfs://localhost:54310/usr/local/hadoop-datastore/hadoop-hadoop/mapred/system
org.apache.hadoop.ipc.RemoteException: org.apache.hadoop.hdfs.server.namenode.SafeModeException: Cannot delete /usr/local/hadoop-datastore/hadoop-hadoop/mapred/system. Name node is in safe mode.
The ratio of reported blocks 1.0000 has reached the threshold 0.9990. Safe mode will be turned off automatically in 26 seconds.
	at org.apache.hadoop.hdfs.server.namenode.FSNamesystem.deleteInternal(FSNamesystem.java:1700)
	at org.apache.hadoop.hdfs.server.namenode.FSNamesystem.delete(FSNamesystem.java:1680)
	at org.apache.hadoop.hdfs.server.namenode.NameNode.delete(NameNode.java:517)
	at sun.reflect.NativeMethodAccessorImpl.invoke0(Native Method)
	at sun.reflect.NativeMethodAccessorImpl.invoke(NativeMethodAccessorImpl.java:39)
	at sun.reflect.DelegatingMethodAccessorImpl.invoke(DelegatingMethodAccessorImpl.java:25)
	at java.lang.reflect.Method.invoke(Method.java:597)
	at org.apache.hadoop.ipc.RPC$Server.call(RPC.java:508)
	at org.apache.hadoop.ipc.Server$Handler$1.run(Server.java:959)
	at org.apache.hadoop.ipc.Server$Handler$1.run(Server.java:955)
	at java.security.AccessController.doPrivileged(Native Method)
	at javax.security.auth.Subject.doAs(Subject.java:396)
	at org.apache.hadoop.ipc.Server$Handler.run(Server.java:953)

	at org.apache.hadoop.ipc.Client.call(Client.java:740)
	at org.apache.hadoop.ipc.RPC$Invoker.invoke(RPC.java:220)
	at $Proxy4.delete(Unknown Source)
	at sun.reflect.NativeMethodAccessorImpl.invoke0(Native Method)
	at sun.reflect.NativeMethodAccessorImpl.invoke(NativeMethodAccessorImpl.java:39)
	at sun.reflect.DelegatingMethodAccessorImpl.invoke(DelegatingMethodAccessorImpl.java:25)
	at java.lang.reflect.Method.invoke(Method.java:597)
	at org.apache.hadoop.io.retry.RetryInvocationHandler.invokeMethod(RetryInvocationHandler.java:82)
	at org.apache.hadoop.io.retry.RetryInvocationHandler.invoke(RetryInvocationHandler.java:59)
	at $Proxy4.delete(Unknown Source)
	at org.apache.hadoop.hdfs.DFSClient.delete(DFSClient.java:582)
	at org.apache.hadoop.hdfs.DistributedFileSystem.delete(DistributedFileSystem.java:227)
	at org.apache.hadoop.mapred.JobTracker.<init>(JobTracker.java:1695)
	at org.apache.hadoop.mapred.JobTracker.startTracker(JobTracker.java:183)
	at org.apache.hadoop.mapred.JobTracker.startTracker(JobTracker.java:175)
	at org.apache.hadoop.mapred.JobTracker.main(JobTracker.java:3702)
2011-04-21 18:13:03,304 INFO org.apache.hadoop.mapred.JobTracker: Cleaning up the system directory
2011-04-21 18:13:03,328 INFO org.apache.hadoop.mapred.JobTracker: problem cleaning system directory: hdfs://localhost:54310/usr/local/hadoop-datastore/hadoop-hadoop/mapred/system
org.apache.hadoop.ipc.RemoteException: org.apache.hadoop.hdfs.server.namenode.SafeModeException: Cannot delete /usr/local/hadoop-datastore/hadoop-hadoop/mapred/system. Name node is in safe mode.
The ratio of reported blocks 1.0000 has reached the threshold 0.9990. Safe mode will be turned off automatically in 16 seconds.
	at org.apache.hadoop.hdfs.server.namenode.FSNamesystem.deleteInternal(FSNamesystem.java:1700)
	at org.apache.hadoop.hdfs.server.namenode.FSNamesystem.delete(FSNamesystem.java:1680)
	at org.apache.hadoop.hdfs.server.namenode.NameNode.delete(NameNode.java:517)
	at sun.reflect.NativeMethodAccessorImpl.invoke0(Native Method)
	at sun.reflect.NativeMethodAccessorImpl.invoke(NativeMethodAccessorImpl.java:39)
	at sun.reflect.DelegatingMethodAccessorImpl.invoke(DelegatingMethodAccessorImpl.java:25)
	at java.lang.reflect.Method.invoke(Method.java:597)
	at org.apache.hadoop.ipc.RPC$Server.call(RPC.java:508)
	at org.apache.hadoop.ipc.Server$Handler$1.run(Server.java:959)
	at org.apache.hadoop.ipc.Server$Handler$1.run(Server.java:955)
	at java.security.AccessController.doPrivileged(Native Method)
	at javax.security.auth.Subject.doAs(Subject.java:396)
	at org.apache.hadoop.ipc.Server$Handler.run(Server.java:953)

	at org.apache.hadoop.ipc.Client.call(Client.java:740)
	at org.apache.hadoop.ipc.RPC$Invoker.invoke(RPC.java:220)
	at $Proxy4.delete(Unknown Source)
	at sun.reflect.NativeMethodAccessorImpl.invoke0(Native Method)
	at sun.reflect.NativeMethodAccessorImpl.invoke(NativeMethodAccessorImpl.java:39)
	at sun.reflect.DelegatingMethodAccessorImpl.invoke(DelegatingMethodAccessorImpl.java:25)
	at java.lang.reflect.Method.invoke(Method.java:597)
	at org.apache.hadoop.io.retry.RetryInvocationHandler.invokeMethod(RetryInvocationHandler.java:82)
	at org.apache.hadoop.io.retry.RetryInvocationHandler.invoke(RetryInvocationHandler.java:59)
	at $Proxy4.delete(Unknown Source)
	at org.apache.hadoop.hdfs.DFSClient.delete(DFSClient.java:582)
	at org.apache.hadoop.hdfs.DistributedFileSystem.delete(DistributedFileSystem.java:227)
	at org.apache.hadoop.mapred.JobTracker.<init>(JobTracker.java:1695)
	at org.apache.hadoop.mapred.JobTracker.startTracker(JobTracker.java:183)
	at org.apache.hadoop.mapred.JobTracker.startTracker(JobTracker.java:175)
	at org.apache.hadoop.mapred.JobTracker.main(JobTracker.java:3702)
2011-04-21 18:13:13,350 INFO org.apache.hadoop.mapred.JobTracker: Cleaning up the system directory
2011-04-21 18:13:13,356 INFO org.apache.hadoop.mapred.JobTracker: problem cleaning system directory: hdfs://localhost:54310/usr/local/hadoop-datastore/hadoop-hadoop/mapred/system
org.apache.hadoop.ipc.RemoteException: org.apache.hadoop.hdfs.server.namenode.SafeModeException: Cannot delete /usr/local/hadoop-datastore/hadoop-hadoop/mapred/system. Name node is in safe mode.
The ratio of reported blocks 1.0000 has reached the threshold 0.9990. Safe mode will be turned off automatically in 6 seconds.
	at org.apache.hadoop.hdfs.server.namenode.FSNamesystem.deleteInternal(FSNamesystem.java:1700)
	at org.apache.hadoop.hdfs.server.namenode.FSNamesystem.delete(FSNamesystem.java:1680)
	at org.apache.hadoop.hdfs.server.namenode.NameNode.delete(NameNode.java:517)
	at sun.reflect.NativeMethodAccessorImpl.invoke0(Native Method)
	at sun.reflect.NativeMethodAccessorImpl.invoke(NativeMethodAccessorImpl.java:39)
	at sun.reflect.DelegatingMethodAccessorImpl.invoke(DelegatingMethodAccessorImpl.java:25)
	at java.lang.reflect.Method.invoke(Method.java:597)
	at org.apache.hadoop.ipc.RPC$Server.call(RPC.java:508)
	at org.apache.hadoop.ipc.Server$Handler$1.run(Server.java:959)
	at org.apache.hadoop.ipc.Server$Handler$1.run(Server.java:955)
	at java.security.AccessController.doPrivileged(Native Method)
	at javax.security.auth.Subject.doAs(Subject.java:396)
	at org.apache.hadoop.ipc.Server$Handler.run(Server.java:953)

	at org.apache.hadoop.ipc.Client.call(Client.java:740)
	at org.apache.hadoop.ipc.RPC$Invoker.invoke(RPC.java:220)
	at $Proxy4.delete(Unknown Source)
	at sun.reflect.NativeMethodAccessorImpl.invoke0(Native Method)
	at sun.reflect.NativeMethodAccessorImpl.invoke(NativeMethodAccessorImpl.java:39)
	at sun.reflect.DelegatingMethodAccessorImpl.invoke(DelegatingMethodAccessorImpl.java:25)
	at java.lang.reflect.Method.invoke(Method.java:597)
	at org.apache.hadoop.io.retry.RetryInvocationHandler.invokeMethod(RetryInvocationHandler.java:82)
	at org.apache.hadoop.io.retry.RetryInvocationHandler.invoke(RetryInvocationHandler.java:59)
	at $Proxy4.delete(Unknown Source)
	at org.apache.hadoop.hdfs.DFSClient.delete(DFSClient.java:582)
	at org.apache.hadoop.hdfs.DistributedFileSystem.delete(DistributedFileSystem.java:227)
	at org.apache.hadoop.mapred.JobTracker.<init>(JobTracker.java:1695)
	at org.apache.hadoop.mapred.JobTracker.startTracker(JobTracker.java:183)
	at org.apache.hadoop.mapred.JobTracker.startTracker(JobTracker.java:175)
	at org.apache.hadoop.mapred.JobTracker.main(JobTracker.java:3702)
2011-04-21 18:13:23,363 INFO org.apache.hadoop.mapred.JobTracker: Cleaning up the system directory
2011-04-21 18:13:23,584 INFO org.apache.hadoop.mapred.CompletedJobStatusStore: Completed job store is inactive
2011-04-21 18:13:23,996 INFO org.apache.hadoop.ipc.Server: IPC Server Responder: starting
2011-04-21 18:13:24,000 INFO org.apache.hadoop.ipc.Server: IPC Server listener on 54311: starting
2011-04-21 18:13:24,020 INFO org.apache.hadoop.ipc.Server: IPC Server handler 0 on 54311: starting
2011-04-21 18:13:24,023 INFO org.apache.hadoop.ipc.Server: IPC Server handler 1 on 54311: starting
2011-04-21 18:13:24,027 INFO org.apache.hadoop.ipc.Server: IPC Server handler 2 on 54311: starting
2011-04-21 18:13:24,028 INFO org.apache.hadoop.ipc.Server: IPC Server handler 3 on 54311: starting
2011-04-21 18:13:24,030 INFO org.apache.hadoop.ipc.Server: IPC Server handler 4 on 54311: starting
2011-04-21 18:13:24,032 INFO org.apache.hadoop.ipc.Server: IPC Server handler 5 on 54311: starting
2011-04-21 18:13:24,033 INFO org.apache.hadoop.ipc.Server: IPC Server handler 6 on 54311: starting
2011-04-21 18:13:24,035 INFO org.apache.hadoop.ipc.Server: IPC Server handler 7 on 54311: starting
2011-04-21 18:13:24,036 INFO org.apache.hadoop.ipc.Server: IPC Server handler 8 on 54311: starting
2011-04-21 18:13:24,037 INFO org.apache.hadoop.mapred.JobTracker: Starting RUNNING
2011-04-21 18:13:24,059 INFO org.apache.hadoop.ipc.Server: IPC Server handler 9 on 54311: starting
2011-04-21 18:13:24,560 INFO org.apache.hadoop.net.NetworkTopology: Adding a new node: /default-rack/hadoop-VirtualBox
2011-04-21 18:16:02,615 INFO org.apache.hadoop.mapred.JobTracker: SHUTDOWN_MSG: 
/************************************************************
SHUTDOWN_MSG: Shutting down JobTracker at hadoop-VirtualBox/10.0.2.15
************************************************************/
